2024-11-14 09:40:33 - Starting Application using Java 21.0.1 with PID 8156 (C:\Users\hadrihl\Desktop\repo__\202409-osg\target\classes started by hadrihl in C:\Users\hadrihl\Desktop\repo__\202409-osg)

2024-11-14 09:40:33 - No active profile set, falling back to 1 default profile: "default"

2024-11-14 09:40:33 - Devtools property defaults active! Set 'spring.devtools.add-properties' to 'false' to disable

2024-11-14 09:40:33 - For additional web related logging consider setting the 'logging.level.web' property to 'DEBUG'

2024-11-14 09:40:36 - Bootstrapping Spring Data JPA repositories in DEFAULT mode.

2024-11-14 09:40:36 - Finished Spring Data repository scanning in 133 ms. Found 3 JPA repository interfaces.

2024-11-14 09:40:38 - Tomcat initialized with port 8080 (http)

2024-11-14 09:40:38 - Starting service [Tomcat]

2024-11-14 09:40:38 - Starting Servlet engine: [Apache Tomcat/10.1.30]

2024-11-14 09:40:38 - At least one JAR was scanned for TLDs yet contained no TLDs. Enable debug logging for this logger for a complete list of JARs that were scanned but no TLDs were found in them. Skipping unneeded JARs during scanning can improve startup time and JSP compilation time.

2024-11-14 09:40:39 - Initializing Spring embedded WebApplicationContext

2024-11-14 09:40:39 - Root WebApplicationContext: initialization completed in 5025 ms

2024-11-14 09:40:39 - HHH000204: Processing PersistenceUnitInfo [name: default]

2024-11-14 09:40:39 - HHH000412: Hibernate ORM core version 6.5.3.Final

2024-11-14 09:40:40 - HHH000026: Second-level cache disabled

2024-11-14 09:40:41 - No LoadTimeWeaver setup: ignoring JPA class transformer

2024-11-14 09:40:41 - HikariPool-1 - Starting...

2024-11-14 09:40:41 - HikariPool-1 - Added connection com.mysql.cj.jdbc.ConnectionImpl@7ce0e603

2024-11-14 09:40:41 - HikariPool-1 - Start completed.

2024-11-14 09:40:41 - HHH000511: The 5.5.5 version for [org.hibernate.dialect.MySQLDialect] is no longer supported, hence certain features may not work properly. The minimum supported version is 8.0.0. Check the community dialects project for available legacy versions.

2024-11-14 09:40:41 - HHH90000025: MySQLDialect does not need to be specified explicitly using 'hibernate.dialect' (remove the property setting and it will be selected by default)

2024-11-14 09:40:43 - HHH000489: No JTA platform available (set 'hibernate.transaction.jta.platform' to enable JTA platform integration)

2024-11-14 09:40:43 - Initialized JPA EntityManagerFactory for persistence unit 'default'

2024-11-14 09:40:44 - Hibernate is in classpath; If applicable, HQL parser will be used.

2024-11-14 09:40:50 - spring.jpa.open-in-view is enabled by default. Therefore, database queries may be performed during view rendering. Explicitly configure spring.jpa.open-in-view to disable this warning

2024-11-14 09:40:51 - Global AuthenticationManager configured with AuthenticationProvider bean with name authenticationProvider

2024-11-14 09:40:51 - Global AuthenticationManager configured with an AuthenticationProvider bean. UserDetailsService beans will not be used for username/password login. Consider removing the AuthenticationProvider bean. Alternatively, consider using the UserDetailsService in a manually instantiated DaoAuthenticationProvider.

2024-11-14 09:40:52 - Adding welcome page template: index

2024-11-14 09:40:56 - LiveReload server is running on port 35729

2024-11-14 09:40:56 - Tomcat started on port 8080 (http) with context path '/'

2024-11-14 09:40:56 - Started Application in 23.884 seconds (process running for 25.142)

2024-11-14 09:40:58 - Initializing Spring DispatcherServlet 'dispatcherServlet'

2024-11-14 09:40:58 - Initializing Servlet 'dispatcherServlet'

2024-11-14 09:40:59 - Completed initialization in 9 ms

2024-11-14 09:41:12 - Accessed by user 'admin' 

2024-11-14 09:41:53 - Accessed by user 'admin' 

2024-11-14 09:42:01 - Resolved [com.example.__osg.exception.StoreNotFoundException: Store not found.]

2024-11-14 09:44:01 - Accessed by user 'hadrihl' 

2024-11-14 09:46:16 - Restarting due to 1 class path change (0 additions, 0 deletions, 1 modification)

2024-11-14 09:46:16 - Closing JPA EntityManagerFactory for persistence unit 'default'

2024-11-14 09:46:16 - HikariPool-1 - Shutdown initiated...

2024-11-14 09:46:16 - HikariPool-1 - Shutdown completed.

2024-11-14 09:46:16 - Starting Application using Java 21.0.1 with PID 8156 (C:\Users\hadrihl\Desktop\repo__\202409-osg\target\classes started by hadrihl in C:\Users\hadrihl\Desktop\repo__\202409-osg)

2024-11-14 09:46:16 - No active profile set, falling back to 1 default profile: "default"

2024-11-14 09:46:16 - Bootstrapping Spring Data JPA repositories in DEFAULT mode.

2024-11-14 09:46:16 - Finished Spring Data repository scanning in 25 ms. Found 3 JPA repository interfaces.

2024-11-14 09:46:16 - Tomcat initialized with port 8080 (http)

2024-11-14 09:46:16 - Starting service [Tomcat]

2024-11-14 09:46:16 - Starting Servlet engine: [Apache Tomcat/10.1.30]

2024-11-14 09:46:16 - At least one JAR was scanned for TLDs yet contained no TLDs. Enable debug logging for this logger for a complete list of JARs that were scanned but no TLDs were found in them. Skipping unneeded JARs during scanning can improve startup time and JSP compilation time.

2024-11-14 09:46:16 - Initializing Spring embedded WebApplicationContext

2024-11-14 09:46:16 - Root WebApplicationContext: initialization completed in 724 ms

2024-11-14 09:46:17 - Cannot deserialize session attribute [SPRING_SECURITY_CONTEXT] for session [14D50012673A7005C59FC2A37A4555B4]

2024-11-14 09:46:17 - HHH000204: Processing PersistenceUnitInfo [name: default]

2024-11-14 09:46:17 - HHH000026: Second-level cache disabled

2024-11-14 09:46:17 - No LoadTimeWeaver setup: ignoring JPA class transformer

2024-11-14 09:46:17 - HikariPool-2 - Starting...

2024-11-14 09:46:17 - HikariPool-2 - Added connection com.mysql.cj.jdbc.ConnectionImpl@59deb171

2024-11-14 09:46:17 - HikariPool-2 - Start completed.

2024-11-14 09:46:17 - HHH000511: The 5.5.5 version for [org.hibernate.dialect.MySQLDialect] is no longer supported, hence certain features may not work properly. The minimum supported version is 8.0.0. Check the community dialects project for available legacy versions.

2024-11-14 09:46:17 - HHH90000025: MySQLDialect does not need to be specified explicitly using 'hibernate.dialect' (remove the property setting and it will be selected by default)

2024-11-14 09:46:17 - HHH000489: No JTA platform available (set 'hibernate.transaction.jta.platform' to enable JTA platform integration)

2024-11-14 09:46:17 - Initialized JPA EntityManagerFactory for persistence unit 'default'

2024-11-14 09:46:17 - spring.jpa.open-in-view is enabled by default. Therefore, database queries may be performed during view rendering. Explicitly configure spring.jpa.open-in-view to disable this warning

2024-11-14 09:46:17 - Global AuthenticationManager configured with AuthenticationProvider bean with name authenticationProvider

2024-11-14 09:46:17 - Global AuthenticationManager configured with an AuthenticationProvider bean. UserDetailsService beans will not be used for username/password login. Consider removing the AuthenticationProvider bean. Alternatively, consider using the UserDetailsService in a manually instantiated DaoAuthenticationProvider.

2024-11-14 09:46:17 - Adding welcome page template: index

2024-11-14 09:46:17 - LiveReload server is running on port 35729

2024-11-14 09:46:17 - Tomcat started on port 8080 (http) with context path '/'

2024-11-14 09:46:17 - Started Application in 1.712 seconds (process running for 346.232)

2024-11-14 09:46:17 - Condition evaluation unchanged

2024-11-14 09:46:21 - Initializing Spring DispatcherServlet 'dispatcherServlet'

2024-11-14 09:46:21 - Initializing Servlet 'dispatcherServlet'

2024-11-14 09:46:21 - Completed initialization in 1 ms

2024-11-14 09:46:26 - Accessed by user 'hadrihl' 

2024-11-14 09:46:48 - Restarting due to 1 class path change (0 additions, 0 deletions, 1 modification)

2024-11-14 09:46:48 - Closing JPA EntityManagerFactory for persistence unit 'default'

2024-11-14 09:46:48 - HikariPool-2 - Shutdown initiated...

2024-11-14 09:46:48 - HikariPool-2 - Shutdown completed.

2024-11-14 09:46:48 - Starting Application using Java 21.0.1 with PID 8156 (C:\Users\hadrihl\Desktop\repo__\202409-osg\target\classes started by hadrihl in C:\Users\hadrihl\Desktop\repo__\202409-osg)

2024-11-14 09:46:48 - No active profile set, falling back to 1 default profile: "default"

2024-11-14 09:46:48 - Bootstrapping Spring Data JPA repositories in DEFAULT mode.

2024-11-14 09:46:48 - Finished Spring Data repository scanning in 22 ms. Found 3 JPA repository interfaces.

2024-11-14 09:46:48 - Tomcat initialized with port 8080 (http)

2024-11-14 09:46:48 - Starting service [Tomcat]

2024-11-14 09:46:48 - Starting Servlet engine: [Apache Tomcat/10.1.30]

2024-11-14 09:46:48 - At least one JAR was scanned for TLDs yet contained no TLDs. Enable debug logging for this logger for a complete list of JARs that were scanned but no TLDs were found in them. Skipping unneeded JARs during scanning can improve startup time and JSP compilation time.

2024-11-14 09:46:48 - Initializing Spring embedded WebApplicationContext

2024-11-14 09:46:48 - Root WebApplicationContext: initialization completed in 536 ms

2024-11-14 09:46:48 - Cannot deserialize session attribute [SPRING_SECURITY_CONTEXT] for session [31C4A78F0C6A5929E8FFDAAC5D74B19F]

2024-11-14 09:46:48 - HHH000204: Processing PersistenceUnitInfo [name: default]

2024-11-14 09:46:48 - HHH000026: Second-level cache disabled

2024-11-14 09:46:48 - No LoadTimeWeaver setup: ignoring JPA class transformer

2024-11-14 09:46:48 - HikariPool-3 - Starting...

2024-11-14 09:46:48 - HikariPool-3 - Added connection com.mysql.cj.jdbc.ConnectionImpl@2c7a969b

2024-11-14 09:46:48 - HikariPool-3 - Start completed.

2024-11-14 09:46:48 - HHH000511: The 5.5.5 version for [org.hibernate.dialect.MySQLDialect] is no longer supported, hence certain features may not work properly. The minimum supported version is 8.0.0. Check the community dialects project for available legacy versions.

2024-11-14 09:46:48 - HHH90000025: MySQLDialect does not need to be specified explicitly using 'hibernate.dialect' (remove the property setting and it will be selected by default)

2024-11-14 09:46:49 - HHH000489: No JTA platform available (set 'hibernate.transaction.jta.platform' to enable JTA platform integration)

2024-11-14 09:46:49 - Initialized JPA EntityManagerFactory for persistence unit 'default'

2024-11-14 09:46:49 - spring.jpa.open-in-view is enabled by default. Therefore, database queries may be performed during view rendering. Explicitly configure spring.jpa.open-in-view to disable this warning

2024-11-14 09:46:49 - Global AuthenticationManager configured with AuthenticationProvider bean with name authenticationProvider

2024-11-14 09:46:49 - Global AuthenticationManager configured with an AuthenticationProvider bean. UserDetailsService beans will not be used for username/password login. Consider removing the AuthenticationProvider bean. Alternatively, consider using the UserDetailsService in a manually instantiated DaoAuthenticationProvider.

2024-11-14 09:46:49 - Adding welcome page template: index

2024-11-14 09:46:49 - LiveReload server is running on port 35729

2024-11-14 09:46:49 - Tomcat started on port 8080 (http) with context path '/'

2024-11-14 09:46:49 - Started Application in 1.138 seconds (process running for 377.783)

2024-11-14 09:46:49 - Condition evaluation unchanged

2024-11-14 09:46:53 - Restarting due to 1 class path change (0 additions, 0 deletions, 1 modification)

2024-11-14 09:46:53 - Closing JPA EntityManagerFactory for persistence unit 'default'

2024-11-14 09:46:53 - HikariPool-3 - Shutdown initiated...

2024-11-14 09:46:53 - HikariPool-3 - Shutdown completed.

2024-11-14 09:46:54 - Starting Application using Java 21.0.1 with PID 8156 (C:\Users\hadrihl\Desktop\repo__\202409-osg\target\classes started by hadrihl in C:\Users\hadrihl\Desktop\repo__\202409-osg)

2024-11-14 09:46:54 - No active profile set, falling back to 1 default profile: "default"

2024-11-14 09:46:54 - Bootstrapping Spring Data JPA repositories in DEFAULT mode.

2024-11-14 09:46:54 - Finished Spring Data repository scanning in 25 ms. Found 3 JPA repository interfaces.

2024-11-14 09:46:54 - Tomcat initialized with port 8080 (http)

2024-11-14 09:46:54 - Starting service [Tomcat]

2024-11-14 09:46:54 - Starting Servlet engine: [Apache Tomcat/10.1.30]

2024-11-14 09:46:54 - At least one JAR was scanned for TLDs yet contained no TLDs. Enable debug logging for this logger for a complete list of JARs that were scanned but no TLDs were found in them. Skipping unneeded JARs during scanning can improve startup time and JSP compilation time.

2024-11-14 09:46:54 - Initializing Spring embedded WebApplicationContext

2024-11-14 09:46:54 - Root WebApplicationContext: initialization completed in 591 ms

2024-11-14 09:46:54 - HHH000204: Processing PersistenceUnitInfo [name: default]

2024-11-14 09:46:54 - HHH000026: Second-level cache disabled

2024-11-14 09:46:54 - No LoadTimeWeaver setup: ignoring JPA class transformer

2024-11-14 09:46:54 - HikariPool-4 - Starting...

2024-11-14 09:46:54 - HikariPool-4 - Added connection com.mysql.cj.jdbc.ConnectionImpl@372c231e

2024-11-14 09:46:54 - HikariPool-4 - Start completed.

2024-11-14 09:46:54 - HHH000511: The 5.5.5 version for [org.hibernate.dialect.MySQLDialect] is no longer supported, hence certain features may not work properly. The minimum supported version is 8.0.0. Check the community dialects project for available legacy versions.

2024-11-14 09:46:54 - HHH90000025: MySQLDialect does not need to be specified explicitly using 'hibernate.dialect' (remove the property setting and it will be selected by default)

2024-11-14 09:46:54 - HHH000489: No JTA platform available (set 'hibernate.transaction.jta.platform' to enable JTA platform integration)

2024-11-14 09:46:54 - Initialized JPA EntityManagerFactory for persistence unit 'default'

2024-11-14 09:46:55 - spring.jpa.open-in-view is enabled by default. Therefore, database queries may be performed during view rendering. Explicitly configure spring.jpa.open-in-view to disable this warning

2024-11-14 09:46:55 - Global AuthenticationManager configured with AuthenticationProvider bean with name authenticationProvider

2024-11-14 09:46:55 - Global AuthenticationManager configured with an AuthenticationProvider bean. UserDetailsService beans will not be used for username/password login. Consider removing the AuthenticationProvider bean. Alternatively, consider using the UserDetailsService in a manually instantiated DaoAuthenticationProvider.

2024-11-14 09:46:55 - Adding welcome page template: index

2024-11-14 09:46:55 - LiveReload server is running on port 35729

2024-11-14 09:46:55 - Tomcat started on port 8080 (http) with context path '/'

2024-11-14 09:46:55 - Started Application in 1.186 seconds (process running for 383.601)

2024-11-14 09:46:55 - Condition evaluation unchanged

2024-11-14 09:46:55 - Initializing Spring DispatcherServlet 'dispatcherServlet'

2024-11-14 09:46:55 - Initializing Servlet 'dispatcherServlet'

2024-11-14 09:46:55 - Completed initialization in 0 ms

2024-11-14 09:47:00 - Accessed by user 'hadrihl' 

2024-11-14 09:47:24 - Restarting due to 1 class path change (0 additions, 0 deletions, 1 modification)

2024-11-14 09:47:24 - Closing JPA EntityManagerFactory for persistence unit 'default'

2024-11-14 09:47:24 - HikariPool-4 - Shutdown initiated...

2024-11-14 09:47:24 - HikariPool-4 - Shutdown completed.

